2024-11-17 13:36:19 [production] info: Started the Generate API
2024-11-17 13:36:19 [production] info: Starting Generate All Sitemaps
2024-11-17 13:36:19 [production] info: Starting to fetch english news...
2024-11-17 13:36:21 [production] info: Finished the english news fetching , fetched 1511
2024-11-17 13:36:21 [production] info: Starting to fetch arabic news...
2024-11-17 13:36:24 [production] info: Finished the arabic news fetching, fetched 1726
2024-11-17 13:36:24 [production] info: Starting to fetch spanish news...
2024-11-17 13:36:24 [production] info: Finished the spanish news fetching, fetched 87
2024-11-17 13:36:24 [production] info: Starting to fetch english blog...
2024-11-17 13:36:25 [production] info: Finished the english blog fetching , fetched 166
2024-11-17 13:36:25 [production] info: Starting to fetch arabic blog...
2024-11-17 13:36:28 [production] info: Finished the arabic blog fetching, fetched 434
2024-11-17 13:36:28 [production] info: Starting to fetch spanish blog...
2024-11-17 13:36:29 [production] info: Finished the spanish blog fetching, fetched 80
2024-11-17 13:51:29 [production] info: Started the Generate API
2024-11-17 13:51:29 [production] info: Starting Generate All Sitemaps
2024-11-17 13:51:29 [production] info: Starting to fetch english news...
2024-11-17 13:51:31 [production] info: Finished the english news fetching , fetched 1511
2024-11-17 13:51:31 [production] info: Starting to fetch arabic news...
2024-11-17 13:51:33 [production] info: Finished the arabic news fetching, fetched 1726
2024-11-17 13:51:33 [production] info: Starting to fetch spanish news...
2024-11-17 13:51:34 [production] info: Finished the spanish news fetching, fetched 87
2024-11-17 13:51:34 [production] info: Starting to fetch english blog...
2024-11-17 13:51:35 [production] info: Finished the english blog fetching , fetched 166
2024-11-17 13:51:35 [production] info: Starting to fetch arabic blog...
2024-11-17 13:51:38 [production] info: Finished the arabic blog fetching, fetched 434
2024-11-17 13:51:38 [production] info: Starting to fetch spanish blog...
2024-11-17 13:51:39 [production] info: Finished the spanish blog fetching, fetched 80
2024-11-17 16:04:45 [production] info: Started the Generate API
2024-11-17 16:04:45 [production] info: Starting Generate All Sitemaps
2024-11-17 16:04:45 [production] info: Starting to fetch english news...
2024-11-17 16:04:47 [production] info: Finished the english news fetching , fetched 1511
2024-11-17 16:04:47 [production] info: Starting to fetch arabic news...
2024-11-17 16:04:49 [production] info: Finished the arabic news fetching, fetched 1726
2024-11-17 16:04:49 [production] info: Starting to fetch spanish news...
2024-11-17 16:04:50 [production] info: Finished the spanish news fetching, fetched 87
2024-11-17 16:04:50 [production] info: Starting to fetch english blog...
2024-11-17 16:04:51 [production] info: Finished the english blog fetching , fetched 166
2024-11-17 16:04:51 [production] info: Starting to fetch arabic blog...
2024-11-17 16:04:55 [production] info: Finished the arabic blog fetching, fetched 434
2024-11-17 16:04:55 [production] info: Starting to fetch spanish blog...
2024-11-17 16:04:55 [production] info: Finished the spanish blog fetching, fetched 80
